# JRE version: Java(TM) SE Runtime Environment 18.9 (11.0.12+8) (build 11.0.12+8-LTS-237)
# Java VM: Java HotSpot(TM) 64-Bit Server VM 18.9 (11.0.12+8-LTS-237, mixed mode, tiered, compressed oops, g1 gc, windows-amd64)
Heap:
 garbage-first heap   total 260096K, used 65536K [0x0000000703c00000, 0x0000000800000000)
  region size 1024K, 15 young (15360K), 12 survivors (12288K)
 Metaspace       used 41596K, capacity 42679K, committed 42752K, reserved 1087488K
  class space    used 4436K, capacity 4847K, committed 4864K, reserved 1048576K
GC Heap History (10 events):
Event: 9.222 GC heap before
{Heap before GC invocations=3 (full 0):
 garbage-first heap   total 260096K, used 102279K [0x0000000703c00000, 0x0000000800000000)
  region size 1024K, 100 young (102400K), 13 survivors (13312K)
 Metaspace       used 21341K, capacity 21718K, committed 21888K, reserved 1069056K
  class space    used 2199K, capacity 2325K, committed 2432K, reserved 1048576K
}
Event: 9.252 GC heap after
{Heap after GC invocations=4 (full 0):
 garbage-first heap   total 260096K, used 22577K [0x0000000703c00000, 0x0000000800000000)
  region size 1024K, 10 young (10240K), 10 survivors (10240K)
 Metaspace       used 21341K, capacity 21718K, committed 21888K, reserved 1069056K
  class space    used 2199K, capacity 2325K, committed 2432K, reserved 1048576K
}
Event: 14.044 GC heap before
{Heap before GC invocations=4 (full 0):
 garbage-first heap   total 260096K, used 151601K [0x0000000703c00000, 0x0000000800000000)
  region size 1024K, 136 young (139264K), 10 survivors (10240K)
 Metaspace       used 25151K, capacity 25733K, committed 25856K, reserved 1073152K
  class space    used 2586K, capacity 2794K, committed 2816K, reserved 1048576K
}
Event: 14.070 GC heap after
{Heap after GC invocations=5 (full 0):
 garbage-first heap   total 260096K, used 31565K [0x0000000703c00000, 0x0000000800000000)
  region size 1024K, 10 young (10240K), 10 survivors (10240K)
 Metaspace       used 25151K, capacity 25733K, committed 25856K, reserved 1073152K
  class space    used 2586K, capacity 2794K, committed 2816K, reserved 1048576K
}
Event: 19.556 GC heap before
{Heap before GC invocations=5 (full 0):
 garbage-first heap   total 260096K, used 179021K [0x0000000703c00000, 0x0000000800000000)
  region size 1024K, 152 young (155648K), 10 survivors (10240K)
 Metaspace       used 31739K, capacity 32412K, committed 32640K, reserved 1079296K
  class space    used 3343K, capacity 3618K, committed 3712K, reserved 1048576K
}
Event: 19.596 GC heap after
{Heap after GC invocations=6 (full 0):
 garbage-first heap   total 260096K, used 51200K [0x0000000703c00000, 0x0000000800000000)
  region size 1024K, 19 young (19456K), 19 survivors (19456K)
 Metaspace       used 31739K, capacity 32412K, committed 32640K, reserved 1079296K
  class space    used 3343K, capacity 3618K, committed 3712K, reserved 1048576K
}
Event: 25.707 GC heap before
{Heap before GC invocations=6 (full 0):
 garbage-first heap   total 260096K, used 173056K [0x0000000703c00000, 0x0000000800000000)
  region size 1024K, 139 young (142336K), 19 survivors (19456K)
 Metaspace       used 34977K, capacity 35799K, committed 35840K, reserved 1081344K
  class space    used 3627K, capacity 3940K, committed 3968K, reserved 1048576K
}
Event: 25.747 GC heap after
{Heap after GC invocations=7 (full 0):
 garbage-first heap   total 260096K, used 59875K [0x0000000703c00000, 0x0000000800000000)
  region size 1024K, 8 young (8192K), 8 survivors (8192K)
 Metaspace       used 34977K, capacity 35799K, committed 35840K, reserved 1081344K
  class space    used 3627K, capacity 3940K, committed 3968K, reserved 1048576K
}
Event: 35.293 GC heap before
{Heap before GC invocations=8 (full 0):
 garbage-first heap   total 260096K, used 212451K [0x0000000703c00000, 0x0000000800000000)
  region size 1024K, 134 young (137216K), 8 survivors (8192K)
 Metaspace       used 41571K, capacity 42615K, committed 42752K, reserved 1087488K
  class space    used 4435K, capacity 4847K, committed 4864K, reserved 1048576K
}
Event: 35.335 GC heap after
{Heap after GC invocations=9 (full 0):
 garbage-first heap   total 260096K, used 63488K [0x0000000703c00000, 0x0000000800000000)
  region size 1024K, 12 young (12288K), 12 survivors (12288K)
 Metaspace       used 41571K, capacity 42615K, committed 42752K, reserved 1087488K
  class space    used 4435K, capacity 4847K, committed 4864K, reserved 1048576K
}

